# JRE version: Java(TM) SE Runtime Environment (12.0.1+12) (build 12.0.1+12)
# Java VM: Java HotSpot(TM) 64-Bit Server VM (12.0.1+12, mixed mode, sharing, tiered, compressed oops, g1 gc, windows-amd64)
Heap:
 garbage-first heap   total 181248K, used 121448K [0x0000000080000000, 0x0000000100000000)
  region size 1024K, 23 young (23552K), 1 survivors (1024K)
 Metaspace       used 86653K, capacity 89401K, committed 89636K, reserved 1128448K
  class space    used 11100K, capacity 11923K, committed 12032K, reserved 1048576K
GC Heap History (10 events):
Event: 476.049 GC heap before
{Heap before GC invocations=21 (full 0):
 garbage-first heap   total 177152K, used 142012K [0x0000000080000000, 0x0000000100000000)
  region size 1024K, 62 young (63488K), 9 survivors (9216K)
 Metaspace       used 83472K, capacity 86216K, committed 86436K, reserved 1124352K
  class space    used 10768K, capacity 11631K, committed 11648K, reserved 1048576K
}
Event: 476.070 GC heap after
{Heap after GC invocations=22 (full 0):
 garbage-first heap   total 177152K, used 91929K [0x0000000080000000, 0x0000000100000000)
  region size 1024K, 4 young (4096K), 4 survivors (4096K)
 Metaspace       used 83472K, capacity 86216K, committed 86436K, reserved 1124352K
  class space    used 10768K, capacity 11631K, committed 11648K, reserved 1048576K
}
Event: 480.068 GC heap before
{Heap before GC invocations=23 (full 0):
 garbage-first heap   total 177152K, used 144153K [0x0000000080000000, 0x0000000100000000)
  region size 1024K, 56 young (57344K), 4 survivors (4096K)
 Metaspace       used 84098K, capacity 86805K, committed 87076K, reserved 1124352K
  class space    used 10788K, capacity 11610K, committed 11776K, reserved 1048576K
}
Event: 480.086 GC heap after
{Heap after GC invocations=24 (full 0):
 garbage-first heap   total 177152K, used 99819K [0x0000000080000000, 0x0000000100000000)
  region size 1024K, 7 young (7168K), 7 survivors (7168K)
 Metaspace       used 84098K, capacity 86805K, committed 87076K, reserved 1124352K
  class space    used 10788K, capacity 11610K, committed 11776K, reserved 1048576K
}
Event: 480.815 GC heap before
{Heap before GC invocations=24 (full 0):
 garbage-first heap   total 177152K, used 103915K [0x0000000080000000, 0x0000000100000000)
  region size 1024K, 12 young (12288K), 7 survivors (7168K)
 Metaspace       used 84124K, capacity 86844K, committed 87076K, reserved 1124352K
  class space    used 10791K, capacity 11644K, committed 11776K, reserved 1048576K
}
Event: 480.845 GC heap after
{Heap after GC invocations=25 (full 0):
 garbage-first heap   total 177152K, used 102937K [0x0000000080000000, 0x0000000100000000)
  region size 1024K, 3 young (3072K), 3 survivors (3072K)
 Metaspace       used 84124K, capacity 86844K, committed 87076K, reserved 1124352K
  class space    used 10791K, capacity 11644K, committed 11776K, reserved 1048576K
}
Event: 484.122 GC heap before
{Heap before GC invocations=26 (full 0):
 garbage-first heap   total 181248K, used 131609K [0x0000000080000000, 0x0000000100000000)
  region size 1024K, 29 young (29696K), 3 survivors (3072K)
 Metaspace       used 85095K, capacity 87794K, committed 88100K, reserved 1128448K
  class space    used 10885K, capacity 11715K, committed 11776K, reserved 1048576K
}
Event: 484.126 GC heap after
{Heap after GC invocations=27 (full 0):
 garbage-first heap   total 181248K, used 101658K [0x0000000080000000, 0x0000000100000000)
  region size 1024K, 2 young (2048K), 2 survivors (2048K)
 Metaspace       used 85095K, capacity 87794K, committed 88100K, reserved 1128448K
  class space    used 10885K, capacity 11715K, committed 11776K, reserved 1048576K
}
Event: 484.615 GC heap before
{Heap before GC invocations=27 (full 0):
 garbage-first heap   total 181248K, used 107802K [0x0000000080000000, 0x0000000100000000)
  region size 1024K, 8 young (8192K), 2 survivors (2048K)
 Metaspace       used 85113K, capacity 87795K, committed 88100K, reserved 1128448K
  class space    used 10885K, capacity 11715K, committed 11776K, reserved 1048576K
}
Event: 484.619 GC heap after
{Heap after GC invocations=28 (full 0):
 garbage-first heap   total 181248K, used 100968K [0x0000000080000000, 0x0000000100000000)
  region size 1024K, 1 young (1024K), 1 survivors (1024K)
 Metaspace       used 85113K, capacity 87795K, committed 88100K, reserved 1128448K
  class space    used 10885K, capacity 11715K, committed 11776K, reserved 1048576K
}

