# JRE version: Java(TM) SE Runtime Environment (12.0.1+12) (build 12.0.1+12)
# Java VM: Java HotSpot(TM) 64-Bit Server VM (12.0.1+12, mixed mode, sharing, tiered, compressed oops, g1 gc, windows-amd64)
Heap:
 garbage-first heap   total 162816K, used 114130K [0x0000000080000000, 0x0000000100000000)
  region size 1024K, 23 young (23552K), 4 survivors (4096K)
 Metaspace       used 79052K, capacity 81596K, committed 81744K, reserved 1120256K
  class space    used 10331K, capacity 11121K, committed 11212K, reserved 1048576K
GC Heap History (10 events):
Event: 84.169 GC heap before
{Heap before GC invocations=45 (full 0):
 garbage-first heap   total 147456K, used 108188K [0x0000000080000000, 0x0000000100000000)
  region size 1024K, 32 young (32768K), 4 survivors (4096K)
 Metaspace       used 73856K, capacity 75967K, committed 76240K, reserved 1116160K
  class space    used 9794K, capacity 10468K, committed 10572K, reserved 1048576K
}
Event: 84.182 GC heap after
{Heap after GC invocations=46 (full 0):
 garbage-first heap   total 147456K, used 82519K [0x0000000080000000, 0x0000000100000000)
  region size 1024K, 4 young (4096K), 4 survivors (4096K)
 Metaspace       used 73856K, capacity 75967K, committed 76240K, reserved 1116160K
  class space    used 9794K, capacity 10468K, committed 10572K, reserved 1048576K
}
Event: 92.246 GC heap before
{Heap before GC invocations=46 (full 0):
 garbage-first heap   total 147456K, used 114263K [0x0000000080000000, 0x0000000100000000)
  region size 1024K, 35 young (35840K), 4 survivors (4096K)
 Metaspace       used 76059K, capacity 78451K, committed 78544K, reserved 1118208K
  class space    used 10019K, capacity 10767K, committed 10828K, reserved 1048576K
}
Event: 92.258 GC heap after
{Heap after GC invocations=47 (full 0):
 garbage-first heap   total 147456K, used 84560K [0x0000000080000000, 0x0000000100000000)
  region size 1024K, 4 young (4096K), 4 survivors (4096K)
 Metaspace       used 76059K, capacity 78451K, committed 78544K, reserved 1118208K
  class space    used 10019K, capacity 10767K, committed 10828K, reserved 1048576K
}
Event: 93.888 GC heap before
{Heap before GC invocations=48 (full 0):
 garbage-first heap   total 150528K, used 117328K [0x0000000080000000, 0x0000000100000000)
  region size 1024K, 36 young (36864K), 4 survivors (4096K)
 Metaspace       used 76960K, capacity 79405K, committed 79696K, reserved 1118208K
  class space    used 10108K, capacity 10859K, committed 10956K, reserved 1048576K
}
Event: 93.900 GC heap after
{Heap after GC invocations=49 (full 0):
 garbage-first heap   total 150528K, used 88722K [0x0000000080000000, 0x0000000100000000)
  region size 1024K, 5 young (5120K), 5 survivors (5120K)
 Metaspace       used 76960K, capacity 79405K, committed 79696K, reserved 1118208K
  class space    used 10108K, capacity 10859K, committed 10956K, reserved 1048576K
}
Event: 94.892 GC heap before
{Heap before GC invocations=49 (full 0):
 garbage-first heap   total 150528K, used 119442K [0x0000000080000000, 0x0000000100000000)
  region size 1024K, 36 young (36864K), 5 survivors (5120K)
 Metaspace       used 77762K, capacity 80206K, committed 80336K, reserved 1118208K
  class space    used 10212K, capacity 10980K, committed 11084K, reserved 1048576K
}
Event: 94.906 GC heap after
{Heap after GC invocations=50 (full 0):
 garbage-first heap   total 150528K, used 91298K [0x0000000080000000, 0x0000000100000000)
  region size 1024K, 3 young (3072K), 3 survivors (3072K)
 Metaspace       used 77762K, capacity 80206K, committed 80336K, reserved 1118208K
  class space    used 10212K, capacity 10980K, committed 11084K, reserved 1048576K
}
Event: 97.309 GC heap before
{Heap before GC invocations=51 (full 0):
 garbage-first heap   total 162816K, used 119970K [0x0000000080000000, 0x0000000100000000)
  region size 1024K, 32 young (32768K), 3 survivors (3072K)
 Metaspace       used 78769K, capacity 81266K, committed 81488K, reserved 1120256K
  class space    used 10306K, capacity 11117K, committed 11212K, reserved 1048576K
}
Event: 97.326 GC heap after
{Heap after GC invocations=52 (full 0):
 garbage-first heap   total 162816K, used 95698K [0x0000000080000000, 0x0000000100000000)
  region size 1024K, 4 young (4096K), 4 survivors (4096K)
 Metaspace       used 78769K, capacity 81266K, committed 81488K, reserved 1120256K
  class space    used 10306K, capacity 11117K, committed 11212K, reserved 1048576K
}

